<?xml version="1.0" encoding="UTF-8"?>
<coverage generated="1706952170580" clover="3.2.0">
  <project timestamp="1706952170580" name="All files">
    <metrics statements="279" coveredstatements="211" conditionals="103" coveredconditionals="59" methods="80" coveredmethods="58" elements="462" coveredelements="328" complexity="0" loc="279" ncloc="279" packages="4" files="11" classes="11"/>
    <package name="src">
      <metrics statements="151" coveredstatements="128" conditionals="65" coveredconditionals="38" methods="48" coveredmethods="35"/>
      <file name="ScrollBar.tsx" path="/Users/kam/worker/kk/better-scrollbar/src/ScrollBar.tsx">
        <metrics statements="100" coveredstatements="89" conditionals="34" coveredconditionals="26" methods="30" coveredmethods="24"/>
        <line num="24" count="1" type="stmt"/>
        <line num="43" count="17" type="stmt"/>
        <line num="45" count="17" type="stmt"/>
        <line num="46" count="8" type="cond" truecount="1" falsecount="1"/>
        <line num="50" count="17" type="stmt"/>
        <line num="52" count="17" type="stmt"/>
        <line num="54" count="17" type="stmt"/>
        <line num="55" count="17" type="stmt"/>
        <line num="57" count="17" type="stmt"/>
        <line num="67" count="17" type="stmt"/>
        <line num="68" count="0" type="stmt"/>
        <line num="69" count="0" type="stmt"/>
        <line num="70" count="0" type="stmt"/>
        <line num="74" count="17" type="stmt"/>
        <line num="75" count="11" type="stmt"/>
        <line num="80" count="11" type="stmt"/>
        <line num="81" count="163" type="stmt"/>
        <line num="83" count="163" type="stmt"/>
        <line num="84" count="163" type="cond" truecount="1" falsecount="1"/>
        <line num="87" count="163" type="cond" truecount="4" falsecount="0"/>
        <line num="88" count="9" type="stmt"/>
        <line num="89" count="9" type="stmt"/>
        <line num="93" count="163" type="cond" truecount="4" falsecount="0"/>
        <line num="94" count="9" type="stmt"/>
        <line num="97" count="163" type="stmt"/>
        <line num="100" count="11" type="cond" truecount="2" falsecount="0"/>
        <line num="101" count="2" type="stmt"/>
        <line num="102" count="2" type="stmt"/>
        <line num="104" count="2" type="stmt"/>
        <line num="106" count="11" type="cond" truecount="1" falsecount="1"/>
        <line num="107" count="0" type="stmt"/>
        <line num="111" count="11" type="stmt"/>
        <line num="112" count="11" type="stmt"/>
        <line num="120" count="17" type="stmt"/>
        <line num="121" count="8" type="stmt"/>
        <line num="122" count="8" type="stmt"/>
        <line num="126" count="17" type="stmt"/>
        <line num="127" count="17" type="stmt"/>
        <line num="128" count="17" type="stmt"/>
        <line num="130" count="17" type="stmt"/>
        <line num="131" count="1" type="stmt"/>
        <line num="132" count="1" type="cond" truecount="1" falsecount="1"/>
        <line num="133" count="1" type="stmt"/>
        <line num="135" count="1" type="stmt"/>
        <line num="136" count="1" type="stmt"/>
        <line num="139" count="17" type="stmt"/>
        <line num="141" count="17" type="stmt"/>
        <line num="142" count="2" type="stmt"/>
        <line num="143" count="2" type="cond" truecount="2" falsecount="0"/>
        <line num="144" count="1" type="stmt"/>
        <line num="146" count="1" type="stmt"/>
        <line num="148" count="2" type="stmt"/>
        <line num="149" count="2" type="stmt"/>
        <line num="152" count="2" type="stmt"/>
        <line num="155" count="17" type="stmt"/>
        <line num="156" count="16" type="stmt"/>
        <line num="162" count="17" type="stmt"/>
        <line num="163" count="2" type="stmt"/>
        <line num="165" count="2" type="stmt"/>
        <line num="166" count="2" type="stmt"/>
        <line num="167" count="2" type="stmt"/>
        <line num="172" count="17" type="stmt"/>
        <line num="173" count="8" type="cond" truecount="1" falsecount="1"/>
        <line num="174" count="0" type="stmt"/>
        <line num="176" count="8" type="stmt"/>
        <line num="180" count="17" type="stmt"/>
        <line num="182" count="17" type="stmt"/>
        <line num="183" count="8" type="stmt"/>
        <line num="184" count="2" type="stmt"/>
        <line num="186" count="2" type="stmt"/>
        <line num="188" count="2" type="stmt"/>
        <line num="189" count="2" type="stmt"/>
        <line num="192" count="2" type="cond" truecount="1" falsecount="1"/>
        <line num="196" count="2" type="stmt"/>
        <line num="197" count="1" type="stmt"/>
        <line num="198" count="1" type="stmt"/>
        <line num="200" count="1" type="stmt"/>
        <line num="201" count="1" type="stmt"/>
        <line num="205" count="8" type="stmt"/>
        <line num="206" count="8" type="stmt"/>
        <line num="207" count="8" type="stmt"/>
        <line num="208" count="8" type="stmt"/>
        <line num="209" count="8" type="stmt"/>
        <line num="213" count="17" type="stmt"/>
        <line num="214" count="17" type="stmt"/>
        <line num="215" count="32" type="stmt"/>
        <line num="216" count="36" type="stmt"/>
        <line num="223" count="17" type="stmt"/>
        <line num="224" count="0" type="stmt"/>
        <line num="228" count="17" type="stmt"/>
        <line num="229" count="0" type="stmt"/>
        <line num="230" count="0" type="cond" truecount="0" falsecount="2"/>
        <line num="231" count="0" type="stmt"/>
        <line num="235" count="17" type="stmt"/>
        <line num="236" count="9" type="stmt"/>
        <line num="238" count="1" type="stmt"/>
        <line num="241" count="3" type="stmt"/>
        <line num="244" count="0" type="stmt"/>
        <line num="254" count="17" type="stmt"/>
        <line num="267" count="0" type="stmt"/>
      </file>
      <file name="defaultRenderElements.tsx" path="/Users/kam/worker/kk/better-scrollbar/src/defaultRenderElements.tsx">
        <metrics statements="11" coveredstatements="7" conditionals="8" coveredconditionals="2" methods="5" coveredmethods="3"/>
        <line num="5" count="1" type="stmt"/>
        <line num="6" count="17" type="stmt"/>
        <line num="10" count="0" type="stmt"/>
        <line num="17" count="0" type="stmt"/>
        <line num="21" count="21" type="stmt"/>
        <line num="28" count="21" type="stmt"/>
        <line num="32" count="0" type="stmt"/>
        <line num="38" count="0" type="stmt"/>
        <line num="41" count="1" type="stmt"/>
        <line num="42" count="21" type="stmt"/>
        <line num="48" count="21" type="stmt"/>
      </file>
      <file name="index.ts" path="/Users/kam/worker/kk/better-scrollbar/src/index.ts">
        <metrics statements="0" coveredstatements="0" conditionals="0" coveredconditionals="0" methods="0" coveredmethods="0"/>
      </file>
      <file name="raf.ts" path="/Users/kam/worker/kk/better-scrollbar/src/raf.ts">
        <metrics statements="25" coveredstatements="25" conditionals="9" coveredconditionals="8" methods="9" coveredmethods="7"/>
        <line num="1" count="1" type="stmt"/>
        <line num="2" count="1" type="stmt"/>
        <line num="4" count="1" type="cond" truecount="3" falsecount="1"/>
        <line num="5" count="1" type="stmt"/>
        <line num="6" count="21" type="stmt"/>
        <line num="7" count="16" type="stmt"/>
        <line num="10" count="1" type="stmt"/>
        <line num="12" count="1" type="stmt"/>
        <line num="15" count="49" type="stmt"/>
        <line num="18" count="1" type="cond" truecount="1" falsecount="0"/>
        <line num="19" count="21" type="stmt"/>
        <line num="20" count="21" type="stmt"/>
        <line num="23" count="26" type="cond" truecount="2" falsecount="0"/>
        <line num="25" count="5" type="stmt"/>
        <line num="28" count="5" type="stmt"/>
        <line num="31" count="21" type="stmt"/>
        <line num="32" count="5" type="stmt"/>
        <line num="36" count="21" type="stmt"/>
        <line num="40" count="21" type="stmt"/>
        <line num="42" count="21" type="stmt"/>
        <line num="45" count="1" type="stmt"/>
        <line num="46" count="44" type="stmt"/>
        <line num="47" count="44" type="stmt"/>
        <line num="48" count="44" type="cond" truecount="2" falsecount="0"/>
        <line num="49" count="16" type="stmt"/>
      </file>
      <file name="scrollUtil.ts" path="/Users/kam/worker/kk/better-scrollbar/src/scrollUtil.ts">
        <metrics statements="7" coveredstatements="7" conditionals="4" coveredconditionals="2" methods="1" coveredmethods="1"/>
        <line num="1" count="1" type="stmt"/>
        <line num="8" count="17" type="stmt"/>
        <line num="9" count="17" type="cond" truecount="2" falsecount="0"/>
        <line num="10" count="2" type="stmt"/>
        <line num="12" count="17" type="stmt"/>
        <line num="13" count="17" type="stmt"/>
        <line num="14" count="17" type="stmt"/>
      </file>
      <file name="utils.ts" path="/Users/kam/worker/kk/better-scrollbar/src/utils.ts">
        <metrics statements="8" coveredstatements="0" conditionals="10" coveredconditionals="0" methods="3" coveredmethods="0"/>
        <line num="5" count="0" type="cond" truecount="0" falsecount="2"/>
        <line num="14" count="0" type="cond" truecount="0" falsecount="2"/>
        <line num="15" count="0" type="stmt"/>
        <line num="18" count="0" type="cond" truecount="0" falsecount="2"/>
        <line num="19" count="0" type="stmt"/>
        <line num="22" count="0" type="stmt"/>
        <line num="29" count="0" type="cond" truecount="0" falsecount="2"/>
        <line num="30" count="0" type="cond" truecount="0" falsecount="2"/>
      </file>
    </package>
    <package name="src.components">
      <metrics statements="88" coveredstatements="51" conditionals="19" coveredconditionals="14" methods="19" coveredmethods="12"/>
      <file name="Item.tsx" path="/Users/kam/worker/kk/better-scrollbar/src/components/Item.tsx">
        <metrics statements="3" coveredstatements="3" conditionals="0" coveredconditionals="0" methods="2" coveredmethods="2"/>
        <line num="10" count="32" type="stmt"/>
        <line num="11" count="36" type="stmt"/>
        <line num="14" count="32" type="stmt"/>
      </file>
      <file name="VerticalScrollBar.tsx" path="/Users/kam/worker/kk/better-scrollbar/src/components/VerticalScrollBar.tsx">
        <metrics statements="85" coveredstatements="48" conditionals="19" coveredconditionals="14" methods="17" coveredmethods="10"/>
        <line num="16" count="1" type="stmt"/>
        <line num="30" count="21" type="stmt"/>
        <line num="33" count="21" type="stmt"/>
        <line num="36" count="21" type="stmt"/>
        <line num="39" count="21" type="stmt"/>
        <line num="42" count="21" type="stmt"/>
        <line num="43" count="21" type="stmt"/>
        <line num="46" count="21" type="stmt"/>
        <line num="47" count="21" type="stmt"/>
        <line num="49" count="21" type="stmt"/>
        <line num="50" count="10" type="stmt"/>
        <line num="51" count="10" type="stmt"/>
        <line num="53" count="10" type="stmt"/>
        <line num="54" count="3" type="stmt"/>
        <line num="58" count="21" type="stmt"/>
        <line num="59" count="10" type="stmt"/>
        <line num="60" count="10" type="stmt"/>
        <line num="64" count="21" type="stmt"/>
        <line num="65" count="0" type="stmt"/>
        <line num="66" count="0" type="stmt"/>
        <line num="71" count="21" type="cond" truecount="2" falsecount="0"/>
        <line num="73" count="21" type="cond" truecount="2" falsecount="0"/>
        <line num="76" count="21" type="stmt"/>
        <line num="79" count="21" type="stmt"/>
        <line num="80" count="10" type="cond" truecount="4" falsecount="0"/>
        <line num="81" count="8" type="stmt"/>
        <line num="83" count="2" type="stmt"/>
        <line num="84" count="2" type="stmt"/>
        <line num="88" count="21" type="stmt"/>
        <line num="89" count="21" type="stmt"/>
        <line num="91" count="21" type="stmt"/>
        <line num="92" count="0" type="stmt"/>
        <line num="93" count="0" type="stmt"/>
        <line num="94" count="0" type="stmt"/>
        <line num="96" count="0" type="stmt"/>
        <line num="97" count="0" type="stmt"/>
        <line num="98" count="0" type="stmt"/>
        <line num="101" count="21" type="stmt"/>
        <line num="102" count="0" type="stmt"/>
        <line num="105" count="21" type="stmt"/>
        <line num="106" count="8" type="stmt"/>
        <line num="107" count="8" type="stmt"/>
        <line num="108" count="8" type="stmt"/>
        <line num="109" count="8" type="stmt"/>
        <line num="111" count="8" type="stmt"/>
        <line num="112" count="8" type="stmt"/>
        <line num="113" count="8" type="stmt"/>
        <line num="118" count="21" type="stmt"/>
        <line num="119" count="21" type="stmt"/>
        <line num="120" count="21" type="stmt"/>
        <line num="121" count="21" type="stmt"/>
        <line num="123" count="21" type="stmt"/>
        <line num="124" count="8" type="cond" truecount="1" falsecount="1"/>
        <line num="127" count="0" type="stmt"/>
        <line num="132" count="0" type="stmt"/>
        <line num="133" count="0" type="stmt"/>
        <line num="135" count="0" type="cond" truecount="0" falsecount="2"/>
        <line num="136" count="0" type="stmt"/>
        <line num="137" count="0" type="stmt"/>
        <line num="139" count="0" type="stmt"/>
        <line num="141" count="0" type="stmt"/>
        <line num="142" count="0" type="stmt"/>
        <line num="144" count="0" type="cond" truecount="0" falsecount="2"/>
        <line num="146" count="0" type="stmt"/>
        <line num="147" count="0" type="stmt"/>
        <line num="148" count="0" type="stmt"/>
        <line num="150" count="0" type="stmt"/>
        <line num="151" count="0" type="stmt"/>
        <line num="157" count="0" type="stmt"/>
        <line num="158" count="0" type="stmt"/>
        <line num="159" count="0" type="stmt"/>
        <line num="162" count="0" type="stmt"/>
        <line num="163" count="0" type="stmt"/>
        <line num="164" count="0" type="stmt"/>
        <line num="165" count="0" type="stmt"/>
        <line num="167" count="0" type="stmt"/>
        <line num="168" count="0" type="stmt"/>
        <line num="169" count="0" type="stmt"/>
        <line num="170" count="0" type="stmt"/>
        <line num="171" count="0" type="stmt"/>
        <line num="172" count="0" type="stmt"/>
        <line num="178" count="21" type="stmt"/>
        <line num="182" count="21" type="stmt"/>
        <line num="187" count="21" type="stmt"/>
        <line num="192" count="21" type="stmt"/>
      </file>
    </package>
    <package name="src.hooks">
      <metrics statements="40" coveredstatements="32" conditionals="19" coveredconditionals="7" methods="13" coveredmethods="11"/>
      <file name="useHeights.ts" path="/Users/kam/worker/kk/better-scrollbar/src/hooks/useHeights.ts">
        <metrics statements="28" coveredstatements="23" conditionals="15" coveredconditionals="7" methods="8" coveredmethods="8"/>
        <line num="7" count="17" type="stmt"/>
        <line num="8" count="17" type="stmt"/>
        <line num="9" count="17" type="stmt"/>
        <line num="10" count="17" type="stmt"/>
        <line num="12" count="17" type="stmt"/>
        <line num="13" count="27" type="stmt"/>
        <line num="16" count="17" type="cond" truecount="1" falsecount="0"/>
        <line num="17" count="19" type="stmt"/>
        <line num="19" count="19" type="stmt"/>
        <line num="20" count="4" type="stmt"/>
        <line num="21" count="8" type="cond" truecount="3" falsecount="1"/>
        <line num="22" count="0" type="stmt"/>
        <line num="23" count="0" type="cond" truecount="0" falsecount="2"/>
        <line num="24" count="0" type="cond" truecount="0" falsecount="4"/>
        <line num="25" count="0" type="stmt"/>
        <line num="29" count="4" type="stmt"/>
        <line num="32" count="19" type="cond" truecount="1" falsecount="1"/>
        <line num="33" count="0" type="stmt"/>
        <line num="35" count="19" type="stmt"/>
        <line num="39" count="17" type="stmt"/>
        <line num="40" count="36" type="stmt"/>
        <line num="41" count="36" type="cond" truecount="2" falsecount="0"/>
        <line num="42" count="18" type="stmt"/>
        <line num="43" count="18" type="stmt"/>
        <line num="45" count="18" type="stmt"/>
        <line num="49" count="17" type="stmt"/>
        <line num="50" count="8" type="stmt"/>
        <line num="53" count="17" type="stmt"/>
      </file>
      <file name="useResizeObserver.ts" path="/Users/kam/worker/kk/better-scrollbar/src/hooks/useResizeObserver.ts">
        <metrics statements="12" coveredstatements="9" conditionals="4" coveredconditionals="0" methods="5" coveredmethods="3"/>
        <line num="6" count="17" type="stmt"/>
        <line num="8" count="17" type="stmt"/>
        <line num="9" count="8" type="stmt"/>
        <line num="10" count="8" type="stmt"/>
        <line num="11" count="0" type="cond" truecount="0" falsecount="4"/>
        <line num="12" count="0" type="stmt"/>
        <line num="13" count="0" type="stmt"/>
        <line num="16" count="8" type="stmt"/>
        <line num="17" count="8" type="stmt"/>
        <line num="18" count="8" type="stmt"/>
        <line num="19" count="8" type="stmt"/>
        <line num="20" count="8" type="stmt"/>
      </file>
    </package>
    <package name="src.styles">
      <metrics statements="0" coveredstatements="0" conditionals="0" coveredconditionals="0" methods="0" coveredmethods="0"/>
      <file name="index.less" path="/Users/kam/worker/kk/better-scrollbar/src/styles/index.less">
        <metrics statements="0" coveredstatements="0" conditionals="0" coveredconditionals="0" methods="0" coveredmethods="0"/>
      </file>
    </package>
  </project>
</coverage>
