{"/Users/kam/worker/kk/better-scrollbar/src/ScrollBar.tsx": {"path":"/Users/kam/worker/kk/better-scrollbar/src/ScrollBar.tsx","statementMap":{"0":{"start":{"line":24,"column":18},"end":{"line":299,"column":2}},"1":{"start":{"line":43,"column":5},"end":{"line":43,"column":10}},"2":{"start":{"line":45,"column":20},"end":{"line":47,"column":15}},"3":{"start":{"line":46,"column":2},"end":{"line":46,"column":112}},"4":{"start":{"line":50,"column":26},"end":{"line":50,"column":70}},"5":{"start":{"line":52,"column":28},"end":{"line":52,"column":72}},"6":{"start":{"line":54,"column":35},"end":{"line":54,"column":75}},"7":{"start":{"line":55,"column":63},"end":{"line":55,"column":75}},"8":{"start":{"line":57,"column":39},"end":{"line":65,"column":3}},"9":{"start":{"line":67,"column":1},"end":{"line":72,"column":3}},"10":{"start":{"line":68,"column":2},"end":{"line":71,"column":4}},"11":{"start":{"line":69,"column":3},"end":{"line":69,"column":47}},"12":{"start":{"line":70,"column":3},"end":{"line":70,"column":45}},"13":{"start":{"line":74,"column":58},"end":{"line":118,"column":83}},"14":{"start":{"line":75,"column":16},"end":{"line":75,"column":17}},"15":{"start":{"line":80,"column":2},"end":{"line":98,"column":3}},"16":{"start":{"line":80,"column":15},"end":{"line":80,"column":16}},"17":{"start":{"line":80,"column":24},"end":{"line":80,"column":41}},"18":{"start":{"line":81,"column":15},"end":{"line":81,"column":46}},"19":{"start":{"line":83,"column":23},"end":{"line":83,"column":39}},"20":{"start":{"line":84,"column":29},"end":{"line":84,"column":93}},"21":{"start":{"line":87,"column":3},"end":{"line":90,"column":4}},"22":{"start":{"line":88,"column":4},"end":{"line":88,"column":18}},"23":{"start":{"line":89,"column":4},"end":{"line":89,"column":25}},"24":{"start":{"line":93,"column":3},"end":{"line":95,"column":4}},"25":{"start":{"line":94,"column":4},"end":{"line":94,"column":16}},"26":{"start":{"line":97,"column":3},"end":{"line":97,"column":30}},"27":{"start":{"line":100,"column":2},"end":{"line":105,"column":3}},"28":{"start":{"line":101,"column":3},"end":{"line":101,"column":17}},"29":{"start":{"line":102,"column":3},"end":{"line":102,"column":18}},"30":{"start":{"line":104,"column":3},"end":{"line":104,"column":62}},"31":{"start":{"line":106,"column":2},"end":{"line":108,"column":3}},"32":{"start":{"line":107,"column":3},"end":{"line":107,"column":35}},"33":{"start":{"line":111,"column":2},"end":{"line":111,"column":58}},"34":{"start":{"line":112,"column":2},"end":{"line":117,"column":3}},"35":{"start":{"line":120,"column":1},"end":{"line":124,"column":19}},"36":{"start":{"line":121,"column":2},"end":{"line":123,"column":4}},"37":{"start":{"line":122,"column":3},"end":{"line":122,"column":45}},"38":{"start":{"line":126,"column":25},"end":{"line":126,"column":64}},"39":{"start":{"line":127,"column":28},"end":{"line":127,"column":51}},"40":{"start":{"line":128,"column":1},"end":{"line":128,"column":45}},"41":{"start":{"line":130,"column":21},"end":{"line":137,"column":7}},"42":{"start":{"line":131,"column":15},"end":{"line":131,"column":27}},"43":{"start":{"line":132,"column":2},"end":{"line":134,"column":3}},"44":{"start":{"line":133,"column":3},"end":{"line":133,"column":56}},"45":{"start":{"line":135,"column":2},"end":{"line":135,"column":30}},"46":{"start":{"line":136,"column":2},"end":{"line":136,"column":15}},"47":{"start":{"line":139,"column":33},"end":{"line":139,"column":72}},"48":{"start":{"line":141,"column":29},"end":{"line":153,"column":7}},"49":{"start":{"line":142,"column":2},"end":{"line":150,"column":4}},"50":{"start":{"line":143,"column":3},"end":{"line":147,"column":4}},"51":{"start":{"line":144,"column":4},"end":{"line":144,"column":50}},"52":{"start":{"line":146,"column":4},"end":{"line":146,"column":32}},"53":{"start":{"line":148,"column":3},"end":{"line":148,"column":36}},"54":{"start":{"line":149,"column":3},"end":{"line":149,"column":56}},"55":{"start":{"line":152,"column":2},"end":{"line":152,"column":26}},"56":{"start":{"line":155,"column":1},"end":{"line":157,"column":18}},"57":{"start":{"line":156,"column":2},"end":{"line":156,"column":25}},"58":{"start":{"line":162,"column":32},"end":{"line":170,"column":7}},"59":{"start":{"line":163,"column":2},"end":{"line":163,"column":47}},"60":{"start":{"line":165,"column":2},"end":{"line":169,"column":9}},"61":{"start":{"line":166,"column":3},"end":{"line":168,"column":5}},"62":{"start":{"line":167,"column":4},"end":{"line":167,"column":38}},"63":{"start":{"line":172,"column":1},"end":{"line":178,"column":30}},"64":{"start":{"line":173,"column":2},"end":{"line":177,"column":3}},"65":{"start":{"line":174,"column":3},"end":{"line":174,"column":20}},"66":{"start":{"line":176,"column":3},"end":{"line":176,"column":18}},"67":{"start":{"line":180,"column":21},"end":{"line":180,"column":39}},"68":{"start":{"line":182,"column":1},"end":{"line":211,"column":7}},"69":{"start":{"line":183,"column":19},"end":{"line":204,"column":3}},"70":{"start":{"line":184,"column":3},"end":{"line":184,"column":26}},"71":{"start":{"line":186,"column":28},"end":{"line":186,"column":33}},"72":{"start":{"line":188,"column":17},"end":{"line":188,"column":20}},"73":{"start":{"line":189,"column":17},"end":{"line":189,"column":20}},"74":{"start":{"line":192,"column":21},"end":{"line":194,"column":47}},"75":{"start":{"line":196,"column":3},"end":{"line":203,"column":5}},"76":{"start":{"line":197,"column":4},"end":{"line":197,"column":35}},"77":{"start":{"line":198,"column":4},"end":{"line":198,"column":19}},"78":{"start":{"line":200,"column":4},"end":{"line":202,"column":6}},"79":{"start":{"line":201,"column":5},"end":{"line":201,"column":65}},"80":{"start":{"line":205,"column":26},"end":{"line":205,"column":52}},"81":{"start":{"line":206,"column":2},"end":{"line":206,"column":54}},"82":{"start":{"line":207,"column":2},"end":{"line":210,"column":3}},"83":{"start":{"line":208,"column":3},"end":{"line":208,"column":58}},"84":{"start":{"line":209,"column":3},"end":{"line":209,"column":34}},"85":{"start":{"line":213,"column":22},"end":{"line":221,"column":45}},"86":{"start":{"line":214,"column":2},"end":{"line":220,"column":4}},"87":{"start":{"line":215,"column":3},"end":{"line":219,"column":4}},"88":{"start":{"line":216,"column":46},"end":{"line":216,"column":71}},"89":{"start":{"line":223,"column":28},"end":{"line":225,"column":7}},"90":{"start":{"line":224,"column":2},"end":{"line":224,"column":59}},"91":{"start":{"line":228,"column":26},"end":{"line":233,"column":18}},"92":{"start":{"line":229,"column":36},"end":{"line":229,"column":55}},"93":{"start":{"line":230,"column":2},"end":{"line":232,"column":3}},"94":{"start":{"line":231,"column":3},"end":{"line":231,"column":36}},"95":{"start":{"line":235,"column":1},"end":{"line":252,"column":3}},"96":{"start":{"line":236,"column":2},"end":{"line":251,"column":3}},"97":{"start":{"line":238,"column":4},"end":{"line":238,"column":33}},"98":{"start":{"line":241,"column":4},"end":{"line":241,"column":22}},"99":{"start":{"line":244,"column":4},"end":{"line":249,"column":6}},"100":{"start":{"line":254,"column":1},"end":{"line":298,"column":2}},"101":{"start":{"line":267,"column":25},"end":{"line":267,"column":47}}},"fnMap":{"0":{"name":"(anonymous_0)","decl":{"start":{"line":24,"column":92},"end":{"line":24,"column":93}},"loc":{"start":{"line":24,"column":108},"end":{"line":299,"column":1}},"line":24},"1":{"name":"(anonymous_1)","decl":{"start":{"line":45,"column":28},"end":{"line":45,"column":29}},"loc":{"start":{"line":45,"column":34},"end":{"line":47,"column":2}},"line":45},"2":{"name":"(anonymous_2)","decl":{"start":{"line":67,"column":37},"end":{"line":67,"column":38}},"loc":{"start":{"line":67,"column":50},"end":{"line":72,"column":2}},"line":67},"3":{"name":"(anonymous_3)","decl":{"start":{"line":68,"column":17},"end":{"line":68,"column":18}},"loc":{"start":{"line":68,"column":37},"end":{"line":71,"column":3}},"line":68},"4":{"name":"(anonymous_4)","decl":{"start":{"line":74,"column":66},"end":{"line":74,"column":67}},"loc":{"start":{"line":74,"column":72},"end":{"line":118,"column":2}},"line":74},"5":{"name":"(anonymous_5)","decl":{"start":{"line":120,"column":11},"end":{"line":120,"column":12}},"loc":{"start":{"line":120,"column":17},"end":{"line":124,"column":2}},"line":120},"6":{"name":"(anonymous_6)","decl":{"start":{"line":121,"column":17},"end":{"line":121,"column":18}},"loc":{"start":{"line":121,"column":37},"end":{"line":123,"column":3}},"line":121},"7":{"name":"(anonymous_7)","decl":{"start":{"line":130,"column":33},"end":{"line":130,"column":34}},"loc":{"start":{"line":130,"column":59},"end":{"line":137,"column":2}},"line":130},"8":{"name":"(anonymous_8)","decl":{"start":{"line":141,"column":41},"end":{"line":141,"column":42}},"loc":{"start":{"line":141,"column":101},"end":{"line":153,"column":2}},"line":141},"9":{"name":"(anonymous_9)","decl":{"start":{"line":142,"column":17},"end":{"line":142,"column":18}},"loc":{"start":{"line":142,"column":37},"end":{"line":150,"column":3}},"line":142},"10":{"name":"(anonymous_10)","decl":{"start":{"line":155,"column":11},"end":{"line":155,"column":12}},"loc":{"start":{"line":155,"column":17},"end":{"line":157,"column":2}},"line":155},"11":{"name":"(anonymous_11)","decl":{"start":{"line":162,"column":44},"end":{"line":162,"column":45}},"loc":{"start":{"line":162,"column":50},"end":{"line":170,"column":2}},"line":162},"12":{"name":"(anonymous_12)","decl":{"start":{"line":165,"column":47},"end":{"line":165,"column":48}},"loc":{"start":{"line":165,"column":53},"end":{"line":169,"column":3}},"line":165},"13":{"name":"(anonymous_13)","decl":{"start":{"line":166,"column":18},"end":{"line":166,"column":19}},"loc":{"start":{"line":166,"column":38},"end":{"line":168,"column":4}},"line":166},"14":{"name":"(anonymous_14)","decl":{"start":{"line":172,"column":11},"end":{"line":172,"column":12}},"loc":{"start":{"line":172,"column":17},"end":{"line":178,"column":2}},"line":172},"15":{"name":"(anonymous_15)","decl":{"start":{"line":182,"column":11},"end":{"line":182,"column":12}},"loc":{"start":{"line":182,"column":17},"end":{"line":211,"column":2}},"line":182},"16":{"name":"(anonymous_16)","decl":{"start":{"line":183,"column":19},"end":{"line":183,"column":20}},"loc":{"start":{"line":183,"column":54},"end":{"line":204,"column":3}},"line":183},"17":{"name":"(anonymous_17)","decl":{"start":{"line":196,"column":29},"end":{"line":196,"column":30}},"loc":{"start":{"line":196,"column":35},"end":{"line":203,"column":4}},"line":196},"18":{"name":"(anonymous_18)","decl":{"start":{"line":200,"column":24},"end":{"line":200,"column":25}},"loc":{"start":{"line":200,"column":45},"end":{"line":202,"column":5}},"line":200},"19":{"name":"(anonymous_19)","decl":{"start":{"line":207,"column":9},"end":{"line":207,"column":10}},"loc":{"start":{"line":207,"column":15},"end":{"line":210,"column":3}},"line":207},"20":{"name":"(anonymous_20)","decl":{"start":{"line":213,"column":30},"end":{"line":213,"column":31}},"loc":{"start":{"line":213,"column":36},"end":{"line":221,"column":2}},"line":213},"21":{"name":"(anonymous_21)","decl":{"start":{"line":214,"column":46},"end":{"line":214,"column":47}},"loc":{"start":{"line":214,"column":56},"end":{"line":220,"column":3}},"line":214},"22":{"name":"(anonymous_22)","decl":{"start":{"line":216,"column":37},"end":{"line":216,"column":38}},"loc":{"start":{"line":216,"column":46},"end":{"line":216,"column":71}},"line":216},"23":{"name":"(anonymous_23)","decl":{"start":{"line":223,"column":40},"end":{"line":223,"column":41}},"loc":{"start":{"line":223,"column":46},"end":{"line":225,"column":2}},"line":223},"24":{"name":"(anonymous_24)","decl":{"start":{"line":228,"column":38},"end":{"line":228,"column":39}},"loc":{"start":{"line":228,"column":80},"end":{"line":233,"column":2}},"line":228},"25":{"name":"(anonymous_25)","decl":{"start":{"line":235,"column":26},"end":{"line":235,"column":27}},"loc":{"start":{"line":235,"column":53},"end":{"line":252,"column":2}},"line":235},"26":{"name":"(anonymous_26)","decl":{"start":{"line":237,"column":3},"end":{"line":237,"column":4}},"loc":{"start":{"line":237,"column":34},"end":{"line":239,"column":4}},"line":237},"27":{"name":"(anonymous_27)","decl":{"start":{"line":240,"column":3},"end":{"line":240,"column":4}},"loc":{"start":{"line":240,"column":20},"end":{"line":242,"column":4}},"line":240},"28":{"name":"(anonymous_28)","decl":{"start":{"line":243,"column":3},"end":{"line":243,"column":4}},"loc":{"start":{"line":243,"column":28},"end":{"line":250,"column":4}},"line":243},"29":{"name":"(anonymous_29)","decl":{"start":{"line":267,"column":16},"end":{"line":267,"column":17}},"loc":{"start":{"line":267,"column":25},"end":{"line":267,"column":47}},"line":267}},"branchMap":{"0":{"loc":{"start":{"line":33,"column":2},"end":{"line":33,"column":26}},"type":"default-arg","locations":[{"start":{"line":33,"column":14},"end":{"line":33,"column":26}}],"line":33},"1":{"loc":{"start":{"line":34,"column":2},"end":{"line":34,"column":17}},"type":"default-arg","locations":[{"start":{"line":34,"column":15},"end":{"line":34,"column":17}}],"line":34},"2":{"loc":{"start":{"line":35,"column":2},"end":{"line":35,"column":19}},"type":"default-arg","locations":[{"start":{"line":35,"column":18},"end":{"line":35,"column":19}}],"line":35},"3":{"loc":{"start":{"line":36,"column":2},"end":{"line":36,"column":25}},"type":"default-arg","locations":[{"start":{"line":36,"column":20},"end":{"line":36,"column":25}}],"line":36},"4":{"loc":{"start":{"line":37,"column":2},"end":{"line":37,"column":33}},"type":"default-arg","locations":[{"start":{"line":37,"column":29},"end":{"line":37,"column":33}}],"line":37},"5":{"loc":{"start":{"line":38,"column":2},"end":{"line":38,"column":32}},"type":"default-arg","locations":[{"start":{"line":38,"column":15},"end":{"line":38,"column":32}}],"line":38},"6":{"loc":{"start":{"line":39,"column":2},"end":{"line":39,"column":50}},"type":"default-arg","locations":[{"start":{"line":39,"column":24},"end":{"line":39,"column":50}}],"line":39},"7":{"loc":{"start":{"line":40,"column":2},"end":{"line":40,"column":50}},"type":"default-arg","locations":[{"start":{"line":40,"column":24},"end":{"line":40,"column":50}}],"line":40},"8":{"loc":{"start":{"line":46,"column":10},"end":{"line":46,"column":82}},"type":"cond-expr","locations":[{"start":{"line":46,"column":43},"end":{"line":46,"column":53}},{"start":{"line":46,"column":56},"end":{"line":46,"column":82}}],"line":46},"9":{"loc":{"start":{"line":84,"column":40},"end":{"line":84,"column":92}},"type":"cond-expr","locations":[{"start":{"line":84,"column":68},"end":{"line":84,"column":78}},{"start":{"line":84,"column":81},"end":{"line":84,"column":92}}],"line":84},"10":{"loc":{"start":{"line":87,"column":3},"end":{"line":90,"column":4}},"type":"if","locations":[{"start":{"line":87,"column":3},"end":{"line":90,"column":4}},{"start":{},"end":{}}],"line":87},"11":{"loc":{"start":{"line":87,"column":7},"end":{"line":87,"column":69}},"type":"binary-expr","locations":[{"start":{"line":87,"column":7},"end":{"line":87,"column":41}},{"start":{"line":87,"column":45},"end":{"line":87,"column":69}}],"line":87},"12":{"loc":{"start":{"line":93,"column":3},"end":{"line":95,"column":4}},"type":"if","locations":[{"start":{"line":93,"column":3},"end":{"line":95,"column":4}},{"start":{},"end":{}}],"line":93},"13":{"loc":{"start":{"line":93,"column":7},"end":{"line":93,"column":93}},"type":"binary-expr","locations":[{"start":{"line":93,"column":7},"end":{"line":93,"column":67}},{"start":{"line":93,"column":71},"end":{"line":93,"column":93}}],"line":93},"14":{"loc":{"start":{"line":100,"column":2},"end":{"line":105,"column":3}},"type":"if","locations":[{"start":{"line":100,"column":2},"end":{"line":105,"column":3}},{"start":{},"end":{}}],"line":100},"15":{"loc":{"start":{"line":106,"column":2},"end":{"line":108,"column":3}},"type":"if","locations":[{"start":{"line":106,"column":2},"end":{"line":108,"column":3}},{"start":{},"end":{}}],"line":106},"16":{"loc":{"start":{"line":132,"column":2},"end":{"line":134,"column":3}},"type":"if","locations":[{"start":{"line":132,"column":2},"end":{"line":134,"column":3}},{"start":{},"end":{}}],"line":132},"17":{"loc":{"start":{"line":143,"column":3},"end":{"line":147,"column":4}},"type":"if","locations":[{"start":{"line":143,"column":3},"end":{"line":147,"column":4}},{"start":{"line":145,"column":10},"end":{"line":147,"column":4}}],"line":143},"18":{"loc":{"start":{"line":173,"column":2},"end":{"line":177,"column":3}},"type":"if","locations":[{"start":{"line":173,"column":2},"end":{"line":177,"column":3}},{"start":{"line":175,"column":9},"end":{"line":177,"column":3}}],"line":173},"19":{"loc":{"start":{"line":192,"column":21},"end":{"line":194,"column":47}},"type":"cond-expr","locations":[{"start":{"line":193,"column":6},"end":{"line":193,"column":47}},{"start":{"line":194,"column":6},"end":{"line":194,"column":47}}],"line":192},"20":{"loc":{"start":{"line":230,"column":2},"end":{"line":232,"column":3}},"type":"if","locations":[{"start":{"line":230,"column":2},"end":{"line":232,"column":3}},{"start":{},"end":{}}],"line":230}},"s":{"0":1,"1":17,"2":17,"3":8,"4":17,"5":17,"6":17,"7":17,"8":17,"9":17,"10":0,"11":0,"12":0,"13":17,"14":11,"15":11,"16":11,"17":11,"18":163,"19":163,"20":163,"21":163,"22":9,"23":9,"24":163,"25":9,"26":163,"27":11,"28":2,"29":2,"30":2,"31":11,"32":0,"33":11,"34":11,"35":17,"36":8,"37":8,"38":17,"39":17,"40":17,"41":17,"42":1,"43":1,"44":1,"45":1,"46":1,"47":17,"48":17,"49":2,"50":2,"51":1,"52":1,"53":2,"54":2,"55":2,"56":17,"57":16,"58":17,"59":2,"60":2,"61":2,"62":2,"63":17,"64":8,"65":0,"66":8,"67":17,"68":17,"69":8,"70":2,"71":2,"72":2,"73":2,"74":2,"75":2,"76":1,"77":1,"78":1,"79":1,"80":8,"81":8,"82":8,"83":8,"84":8,"85":17,"86":17,"87":32,"88":36,"89":17,"90":0,"91":17,"92":0,"93":0,"94":0,"95":17,"96":9,"97":1,"98":3,"99":0,"100":17,"101":0},"f":{"0":17,"1":8,"2":0,"3":0,"4":11,"5":8,"6":8,"7":1,"8":2,"9":2,"10":16,"11":2,"12":2,"13":2,"14":8,"15":8,"16":2,"17":1,"18":1,"19":8,"20":17,"21":32,"22":36,"23":0,"24":0,"25":9,"26":1,"27":3,"28":0,"29":0},"b":{"0":[17],"1":[17],"2":[17],"3":[17],"4":[17],"5":[17],"6":[17],"7":[17],"8":[0,8],"9":[163,0],"10":[9,154],"11":[163,150],"12":[9,154],"13":[163,148],"14":[2,9],"15":[0,11],"16":[1,0],"17":[1,1],"18":[0,8],"19":[0,2],"20":[0,0]},"_coverageSchema":"1a1c01bbd47fc00a2c39e90264f33305004495a9","hash":"02d96a4d330c269b2270561134061bbb8d66dc6e"}
,"/Users/kam/worker/kk/better-scrollbar/src/defaultRenderElements.tsx": {"path":"/Users/kam/worker/kk/better-scrollbar/src/defaultRenderElements.tsx","statementMap":{"0":{"start":{"line":5,"column":75},"end":{"line":7,"column":1}},"1":{"start":{"line":6,"column":1},"end":{"line":6,"column":27}},"2":{"start":{"line":10,"column":20},"end":{"line":16,"column":2}},"3":{"start":{"line":17,"column":1},"end":{"line":17,"column":48}},"4":{"start":{"line":21,"column":20},"end":{"line":27,"column":2}},"5":{"start":{"line":28,"column":1},"end":{"line":28,"column":48}},"6":{"start":{"line":32,"column":20},"end":{"line":37,"column":2}},"7":{"start":{"line":38,"column":1},"end":{"line":38,"column":48}},"8":{"start":{"line":41,"column":42},"end":{"line":49,"column":1}},"9":{"start":{"line":42,"column":20},"end":{"line":47,"column":2}},"10":{"start":{"line":48,"column":1},"end":{"line":48,"column":48}}},"fnMap":{"0":{"name":"(anonymous_0)","decl":{"start":{"line":5,"column":75},"end":{"line":5,"column":76}},"loc":{"start":{"line":5,"column":114},"end":{"line":7,"column":1}},"line":5},"1":{"name":"renderTrackHorizontalDefault","decl":{"start":{"line":9,"column":16},"end":{"line":9,"column":44}},"loc":{"start":{"line":9,"column":94},"end":{"line":18,"column":1}},"line":9},"2":{"name":"renderTrackVerticalDefault","decl":{"start":{"line":20,"column":16},"end":{"line":20,"column":42}},"loc":{"start":{"line":20,"column":92},"end":{"line":29,"column":1}},"line":20},"3":{"name":"renderThumbHorizontalDefault","decl":{"start":{"line":31,"column":16},"end":{"line":31,"column":44}},"loc":{"start":{"line":31,"column":94},"end":{"line":39,"column":1}},"line":31},"4":{"name":"(anonymous_4)","decl":{"start":{"line":41,"column":42},"end":{"line":41,"column":43}},"loc":{"start":{"line":41,"column":95},"end":{"line":49,"column":1}},"line":41}},"branchMap":{"0":{"loc":{"start":{"line":11,"column":6},"end":{"line":11,"column":24}},"type":"binary-expr","locations":[{"start":{"line":11,"column":6},"end":{"line":11,"column":18}},{"start":{"line":11,"column":22},"end":{"line":11,"column":24}}],"line":11},"1":{"loc":{"start":{"line":22,"column":6},"end":{"line":22,"column":24}},"type":"binary-expr","locations":[{"start":{"line":22,"column":6},"end":{"line":22,"column":18}},{"start":{"line":22,"column":22},"end":{"line":22,"column":24}}],"line":22},"2":{"loc":{"start":{"line":33,"column":6},"end":{"line":33,"column":24}},"type":"binary-expr","locations":[{"start":{"line":33,"column":6},"end":{"line":33,"column":18}},{"start":{"line":33,"column":22},"end":{"line":33,"column":24}}],"line":33},"3":{"loc":{"start":{"line":43,"column":6},"end":{"line":43,"column":24}},"type":"binary-expr","locations":[{"start":{"line":43,"column":6},"end":{"line":43,"column":18}},{"start":{"line":43,"column":22},"end":{"line":43,"column":24}}],"line":43}},"s":{"0":1,"1":17,"2":0,"3":0,"4":21,"5":21,"6":0,"7":0,"8":1,"9":21,"10":21},"f":{"0":17,"1":0,"2":21,"3":0,"4":21},"b":{"0":[0,0],"1":[21,0],"2":[0,0],"3":[21,0]},"_coverageSchema":"1a1c01bbd47fc00a2c39e90264f33305004495a9","hash":"707795722cf4c830d7c4a514af9a144b0de89393"}
,"/Users/kam/worker/kk/better-scrollbar/src/index.ts": {"path":"/Users/kam/worker/kk/better-scrollbar/src/index.ts","statementMap":{},"fnMap":{},"branchMap":{},"s":{},"f":{},"b":{},"_coverageSchema":"1a1c01bbd47fc00a2c39e90264f33305004495a9","hash":"a7b2fc7ca7fd8d52731b8a0efe443cabaa5b5630"}
,"/Users/kam/worker/kk/better-scrollbar/src/raf.ts": {"path":"/Users/kam/worker/kk/better-scrollbar/src/raf.ts","statementMap":{"0":{"start":{"line":1,"column":10},"end":{"line":1,"column":71}},"1":{"start":{"line":1,"column":46},"end":{"line":1,"column":71}},"2":{"start":{"line":2,"column":10},"end":{"line":2,"column":44}},"3":{"start":{"line":2,"column":27},"end":{"line":2,"column":44}},"4":{"start":{"line":4,"column":0},"end":{"line":8,"column":1}},"5":{"start":{"line":5,"column":1},"end":{"line":6,"column":40}},"6":{"start":{"line":6,"column":2},"end":{"line":6,"column":40}},"7":{"start":{"line":7,"column":1},"end":{"line":7,"column":62}},"8":{"start":{"line":7,"column":27},"end":{"line":7,"column":62}},"9":{"start":{"line":10,"column":14},"end":{"line":10,"column":15}},"10":{"start":{"line":12,"column":15},"end":{"line":12,"column":40}},"11":{"start":{"line":15,"column":1},"end":{"line":15,"column":18}},"12":{"start":{"line":18,"column":19},"end":{"line":43,"column":1}},"13":{"start":{"line":19,"column":1},"end":{"line":19,"column":13}},"14":{"start":{"line":20,"column":12},"end":{"line":20,"column":19}},"15":{"start":{"line":23,"column":2},"end":{"line":37,"column":3}},"16":{"start":{"line":25,"column":3},"end":{"line":25,"column":14}},"17":{"start":{"line":28,"column":3},"end":{"line":28,"column":13}},"18":{"start":{"line":31,"column":18},"end":{"line":33,"column":5}},"19":{"start":{"line":32,"column":4},"end":{"line":32,"column":26}},"20":{"start":{"line":36,"column":3},"end":{"line":36,"column":25}},"21":{"start":{"line":40,"column":1},"end":{"line":40,"column":15}},"22":{"start":{"line":42,"column":1},"end":{"line":42,"column":10}},"23":{"start":{"line":45,"column":0},"end":{"line":51,"column":1}},"24":{"start":{"line":46,"column":16},"end":{"line":46,"column":30}},"25":{"start":{"line":47,"column":1},"end":{"line":47,"column":12}},"26":{"start":{"line":48,"column":1},"end":{"line":50,"column":2}},"27":{"start":{"line":49,"column":2},"end":{"line":49,"column":13}}},"fnMap":{"0":{"name":"(anonymous_0)","decl":{"start":{"line":1,"column":10},"end":{"line":1,"column":11}},"loc":{"start":{"line":1,"column":46},"end":{"line":1,"column":71}},"line":1},"1":{"name":"(anonymous_1)","decl":{"start":{"line":2,"column":10},"end":{"line":2,"column":11}},"loc":{"start":{"line":2,"column":27},"end":{"line":2,"column":44}},"line":2},"2":{"name":"(anonymous_2)","decl":{"start":{"line":5,"column":7},"end":{"line":5,"column":8}},"loc":{"start":{"line":6,"column":2},"end":{"line":6,"column":40}},"line":6},"3":{"name":"(anonymous_3)","decl":{"start":{"line":7,"column":7},"end":{"line":7,"column":8}},"loc":{"start":{"line":7,"column":27},"end":{"line":7,"column":62}},"line":7},"4":{"name":"cleanup","decl":{"start":{"line":14,"column":9},"end":{"line":14,"column":16}},"loc":{"start":{"line":14,"column":29},"end":{"line":16,"column":1}},"line":14},"5":{"name":"(anonymous_5)","decl":{"start":{"line":18,"column":19},"end":{"line":18,"column":20}},"loc":{"start":{"line":18,"column":64},"end":{"line":43,"column":1}},"line":18},"6":{"name":"callRef","decl":{"start":{"line":22,"column":10},"end":{"line":22,"column":17}},"loc":{"start":{"line":22,"column":37},"end":{"line":38,"column":2}},"line":22},"7":{"name":"(anonymous_7)","decl":{"start":{"line":31,"column":22},"end":{"line":31,"column":23}},"loc":{"start":{"line":31,"column":28},"end":{"line":33,"column":4}},"line":31},"8":{"name":"(anonymous_8)","decl":{"start":{"line":45,"column":20},"end":{"line":45,"column":21}},"loc":{"start":{"line":45,"column":36},"end":{"line":51,"column":1}},"line":45}},"branchMap":{"0":{"loc":{"start":{"line":4,"column":0},"end":{"line":8,"column":1}},"type":"if","locations":[{"start":{"line":4,"column":0},"end":{"line":8,"column":1}},{"start":{},"end":{}}],"line":4},"1":{"loc":{"start":{"line":4,"column":4},"end":{"line":4,"column":70}},"type":"binary-expr","locations":[{"start":{"line":4,"column":4},"end":{"line":4,"column":33}},{"start":{"line":4,"column":37},"end":{"line":4,"column":70}}],"line":4},"2":{"loc":{"start":{"line":18,"column":42},"end":{"line":18,"column":51}},"type":"default-arg","locations":[{"start":{"line":18,"column":50},"end":{"line":18,"column":51}}],"line":18},"3":{"loc":{"start":{"line":23,"column":2},"end":{"line":37,"column":3}},"type":"if","locations":[{"start":{"line":23,"column":2},"end":{"line":37,"column":3}},{"start":{"line":29,"column":9},"end":{"line":37,"column":3}}],"line":23},"4":{"loc":{"start":{"line":48,"column":1},"end":{"line":50,"column":2}},"type":"if","locations":[{"start":{"line":48,"column":1},"end":{"line":50,"column":2}},{"start":{},"end":{}}],"line":48}},"s":{"0":1,"1":0,"2":1,"3":0,"4":1,"5":1,"6":21,"7":1,"8":16,"9":1,"10":1,"11":49,"12":1,"13":21,"14":21,"15":26,"16":5,"17":5,"18":21,"19":5,"20":21,"21":21,"22":21,"23":1,"24":44,"25":44,"26":44,"27":16},"f":{"0":0,"1":0,"2":21,"3":16,"4":49,"5":21,"6":26,"7":5,"8":44},"b":{"0":[1,0],"1":[1,1],"2":[21],"3":[5,21],"4":[16,28]},"_coverageSchema":"1a1c01bbd47fc00a2c39e90264f33305004495a9","hash":"23aecce5c88c92ab04db35a8b6e3000a8452bf09"}
,"/Users/kam/worker/kk/better-scrollbar/src/scrollUtil.ts": {"path":"/Users/kam/worker/kk/better-scrollbar/src/scrollUtil.ts","statementMap":{"0":{"start":{"line":1,"column":17},"end":{"line":1,"column":19}},"1":{"start":{"line":8,"column":16},"end":{"line":8,"column":51}},"2":{"start":{"line":9,"column":1},"end":{"line":11,"column":2}},"3":{"start":{"line":10,"column":2},"end":{"line":10,"column":15}},"4":{"start":{"line":12,"column":1},"end":{"line":12,"column":41}},"5":{"start":{"line":13,"column":1},"end":{"line":13,"column":50}},"6":{"start":{"line":14,"column":1},"end":{"line":14,"column":29}}},"fnMap":{"0":{"name":"getSpinSize","decl":{"start":{"line":7,"column":16},"end":{"line":7,"column":27}},"loc":{"start":{"line":7,"column":80},"end":{"line":15,"column":1}},"line":7}},"branchMap":{"0":{"loc":{"start":{"line":7,"column":28},"end":{"line":7,"column":53}},"type":"default-arg","locations":[{"start":{"line":7,"column":52},"end":{"line":7,"column":53}}],"line":7},"1":{"loc":{"start":{"line":7,"column":55},"end":{"line":7,"column":78}},"type":"default-arg","locations":[{"start":{"line":7,"column":77},"end":{"line":7,"column":78}}],"line":7},"2":{"loc":{"start":{"line":9,"column":1},"end":{"line":11,"column":2}},"type":"if","locations":[{"start":{"line":9,"column":1},"end":{"line":11,"column":2}},{"start":{},"end":{}}],"line":9}},"s":{"0":1,"1":17,"2":17,"3":2,"4":17,"5":17,"6":17},"f":{"0":17},"b":{"0":[0],"1":[0],"2":[2,15]},"_coverageSchema":"1a1c01bbd47fc00a2c39e90264f33305004495a9","hash":"c323f3f30f351ca2fd6b974148ef695ed3da1858"}
,"/Users/kam/worker/kk/better-scrollbar/src/utils.ts": {"path":"/Users/kam/worker/kk/better-scrollbar/src/utils.ts","statementMap":{"0":{"start":{"line":5,"column":1},"end":{"line":5,"column":66}},"1":{"start":{"line":14,"column":1},"end":{"line":16,"column":2}},"2":{"start":{"line":15,"column":2},"end":{"line":15,"column":32}},"3":{"start":{"line":18,"column":1},"end":{"line":20,"column":2}},"4":{"start":{"line":19,"column":2},"end":{"line":19,"column":54}},"5":{"start":{"line":22,"column":1},"end":{"line":22,"column":13}},"6":{"start":{"line":29,"column":13},"end":{"line":29,"column":46}},"7":{"start":{"line":30,"column":1},"end":{"line":30,"column":43}}},"fnMap":{"0":{"name":"isDOM","decl":{"start":{"line":4,"column":16},"end":{"line":4,"column":21}},"loc":{"start":{"line":4,"column":67},"end":{"line":6,"column":1}},"line":4},"1":{"name":"findDOMNode","decl":{"start":{"line":11,"column":16},"end":{"line":11,"column":27}},"loc":{"start":{"line":13,"column":12},"end":{"line":23,"column":1}},"line":13},"2":{"name":"getPageXY","decl":{"start":{"line":25,"column":16},"end":{"line":25,"column":25}},"loc":{"start":{"line":28,"column":2},"end":{"line":31,"column":1}},"line":28}},"branchMap":{"0":{"loc":{"start":{"line":5,"column":8},"end":{"line":5,"column":65}},"type":"binary-expr","locations":[{"start":{"line":5,"column":8},"end":{"line":5,"column":35}},{"start":{"line":5,"column":39},"end":{"line":5,"column":65}}],"line":5},"1":{"loc":{"start":{"line":14,"column":1},"end":{"line":16,"column":2}},"type":"if","locations":[{"start":{"line":14,"column":1},"end":{"line":16,"column":2}},{"start":{},"end":{}}],"line":14},"2":{"loc":{"start":{"line":18,"column":1},"end":{"line":20,"column":2}},"type":"if","locations":[{"start":{"line":18,"column":1},"end":{"line":20,"column":2}},{"start":{},"end":{}}],"line":18},"3":{"loc":{"start":{"line":29,"column":13},"end":{"line":29,"column":46}},"type":"cond-expr","locations":[{"start":{"line":29,"column":30},"end":{"line":29,"column":42}},{"start":{"line":29,"column":45},"end":{"line":29,"column":46}}],"line":29},"4":{"loc":{"start":{"line":30,"column":12},"end":{"line":30,"column":42}},"type":"cond-expr","locations":[{"start":{"line":30,"column":25},"end":{"line":30,"column":32}},{"start":{"line":30,"column":35},"end":{"line":30,"column":42}}],"line":30}},"s":{"0":0,"1":0,"2":0,"3":0,"4":0,"5":0,"6":0,"7":0},"f":{"0":0,"1":0,"2":0},"b":{"0":[0,0],"1":[0,0],"2":[0,0],"3":[0,0],"4":[0,0]},"_coverageSchema":"1a1c01bbd47fc00a2c39e90264f33305004495a9","hash":"da4051cf3a40484a0389b114158aa43133fbe007"}
,"/Users/kam/worker/kk/better-scrollbar/src/components/Item.tsx": {"path":"/Users/kam/worker/kk/better-scrollbar/src/components/Item.tsx","statementMap":{"0":{"start":{"line":10,"column":17},"end":{"line":12,"column":7}},"1":{"start":{"line":11,"column":2},"end":{"line":11,"column":14}},"2":{"start":{"line":14,"column":1},"end":{"line":16,"column":3}}},"fnMap":{"0":{"name":"Item","decl":{"start":{"line":9,"column":16},"end":{"line":9,"column":20}},"loc":{"start":{"line":9,"column":52},"end":{"line":17,"column":1}},"line":9},"1":{"name":"(anonymous_1)","decl":{"start":{"line":10,"column":29},"end":{"line":10,"column":30}},"loc":{"start":{"line":10,"column":52},"end":{"line":12,"column":2}},"line":10}},"branchMap":{},"s":{"0":32,"1":36,"2":32},"f":{"0":32,"1":36},"b":{},"_coverageSchema":"1a1c01bbd47fc00a2c39e90264f33305004495a9","hash":"f6a74ff53fef01fd868934c22f27010b9a29a0fd"}
,"/Users/kam/worker/kk/better-scrollbar/src/components/VerticalScrollBar.tsx": {"path":"/Users/kam/worker/kk/better-scrollbar/src/components/VerticalScrollBar.tsx","statementMap":{"0":{"start":{"line":16,"column":26},"end":{"line":215,"column":2}},"1":{"start":{"line":30,"column":5},"end":{"line":30,"column":10}},"2":{"start":{"line":33,"column":33},"end":{"line":33,"column":57}},"3":{"start":{"line":36,"column":29},"end":{"line":36,"column":48}},"4":{"start":{"line":39,"column":33},"end":{"line":39,"column":52}},"5":{"start":{"line":42,"column":18},"end":{"line":42,"column":62}},"6":{"start":{"line":43,"column":18},"end":{"line":43,"column":62}},"7":{"start":{"line":46,"column":31},"end":{"line":46,"column":46}},"8":{"start":{"line":47,"column":27},"end":{"line":47,"column":66}},"9":{"start":{"line":49,"column":30},"end":{"line":56,"column":7}},"10":{"start":{"line":50,"column":2},"end":{"line":50,"column":41}},"11":{"start":{"line":51,"column":2},"end":{"line":51,"column":18}},"12":{"start":{"line":53,"column":2},"end":{"line":55,"column":21}},"13":{"start":{"line":54,"column":3},"end":{"line":54,"column":20}},"14":{"start":{"line":58,"column":1},"end":{"line":61,"column":20}},"15":{"start":{"line":59,"column":2},"end":{"line":59,"column":24}},"16":{"start":{"line":60,"column":2},"end":{"line":60,"column":54}},"17":{"start":{"line":60,"column":15},"end":{"line":60,"column":54}},"18":{"start":{"line":64,"column":55},"end":{"line":67,"column":7}},"19":{"start":{"line":65,"column":2},"end":{"line":65,"column":25}},"20":{"start":{"line":66,"column":2},"end":{"line":66,"column":24}},"21":{"start":{"line":71,"column":27},"end":{"line":71,"column":59}},"22":{"start":{"line":73,"column":27},"end":{"line":73,"column":64}},"23":{"start":{"line":76,"column":19},"end":{"line":76,"column":40}},"24":{"start":{"line":79,"column":13},"end":{"line":85,"column":58}},"25":{"start":{"line":80,"column":2},"end":{"line":82,"column":3}},"26":{"start":{"line":81,"column":3},"end":{"line":81,"column":11}},"27":{"start":{"line":83,"column":14},"end":{"line":83,"column":47}},"28":{"start":{"line":84,"column":2},"end":{"line":84,"column":32}},"29":{"start":{"line":88,"column":18},"end":{"line":88,"column":66}},"30":{"start":{"line":89,"column":1},"end":{"line":89,"column":60}},"31":{"start":{"line":91,"column":26},"end":{"line":99,"column":7}},"32":{"start":{"line":92,"column":2},"end":{"line":92,"column":19}},"33":{"start":{"line":93,"column":2},"end":{"line":93,"column":29}},"34":{"start":{"line":94,"column":2},"end":{"line":94,"column":35}},"35":{"start":{"line":96,"column":2},"end":{"line":96,"column":17}},"36":{"start":{"line":97,"column":2},"end":{"line":97,"column":25}},"37":{"start":{"line":98,"column":2},"end":{"line":98,"column":24}},"38":{"start":{"line":101,"column":31},"end":{"line":103,"column":7}},"39":{"start":{"line":102,"column":2},"end":{"line":102,"column":24}},"40":{"start":{"line":105,"column":1},"end":{"line":115,"column":7}},"41":{"start":{"line":106,"column":23},"end":{"line":106,"column":39}},"42":{"start":{"line":107,"column":19},"end":{"line":107,"column":35}},"43":{"start":{"line":108,"column":2},"end":{"line":108,"column":68}},"44":{"start":{"line":109,"column":2},"end":{"line":109,"column":59}},"45":{"start":{"line":111,"column":2},"end":{"line":114,"column":3}},"46":{"start":{"line":112,"column":3},"end":{"line":112,"column":72}},"47":{"start":{"line":113,"column":3},"end":{"line":113,"column":63}},"48":{"start":{"line":118,"column":30},"end":{"line":118,"column":53}},"49":{"start":{"line":119,"column":1},"end":{"line":119,"column":49}},"50":{"start":{"line":120,"column":30},"end":{"line":120,"column":53}},"51":{"start":{"line":121,"column":1},"end":{"line":121,"column":49}},"52":{"start":{"line":123,"column":1},"end":{"line":175,"column":15}},"53":{"start":{"line":124,"column":2},"end":{"line":174,"column":3}},"54":{"start":{"line":127,"column":23},"end":{"line":155,"column":4}},"55":{"start":{"line":132,"column":8},"end":{"line":132,"column":24}},"56":{"start":{"line":133,"column":4},"end":{"line":133,"column":25}},"57":{"start":{"line":135,"column":4},"end":{"line":153,"column":5}},"58":{"start":{"line":136,"column":20},"end":{"line":136,"column":49}},"59":{"start":{"line":137,"column":18},"end":{"line":137,"column":31}},"60":{"start":{"line":139,"column":5},"end":{"line":139,"column":21}},"61":{"start":{"line":141,"column":34},"end":{"line":141,"column":62}},"62":{"start":{"line":142,"column":34},"end":{"line":142,"column":62}},"63":{"start":{"line":144,"column":25},"end":{"line":144,"column":81}},"64":{"start":{"line":146,"column":24},"end":{"line":146,"column":61}},"65":{"start":{"line":147,"column":5},"end":{"line":147,"column":45}},"66":{"start":{"line":148,"column":5},"end":{"line":148,"column":64}},"67":{"start":{"line":150,"column":5},"end":{"line":152,"column":7}},"68":{"start":{"line":151,"column":6},"end":{"line":151,"column":30}},"69":{"start":{"line":157,"column":21},"end":{"line":160,"column":4}},"70":{"start":{"line":158,"column":4},"end":{"line":158,"column":22}},"71":{"start":{"line":159,"column":4},"end":{"line":159,"column":18}},"72":{"start":{"line":162,"column":3},"end":{"line":162,"column":52}},"73":{"start":{"line":163,"column":3},"end":{"line":163,"column":52}},"74":{"start":{"line":164,"column":3},"end":{"line":164,"column":48}},"75":{"start":{"line":165,"column":3},"end":{"line":165,"column":49}},"76":{"start":{"line":167,"column":3},"end":{"line":173,"column":4}},"77":{"start":{"line":168,"column":4},"end":{"line":168,"column":56}},"78":{"start":{"line":169,"column":4},"end":{"line":169,"column":56}},"79":{"start":{"line":170,"column":4},"end":{"line":170,"column":52}},"80":{"start":{"line":171,"column":4},"end":{"line":171,"column":53}},"81":{"start":{"line":172,"column":4},"end":{"line":172,"column":25}},"82":{"start":{"line":178,"column":1},"end":{"line":180,"column":4}},"83":{"start":{"line":178,"column":33},"end":{"line":180,"column":2}},"84":{"start":{"line":182,"column":42},"end":{"line":185,"column":2}},"85":{"start":{"line":187,"column":42},"end":{"line":190,"column":2}},"86":{"start":{"line":192,"column":1},"end":{"line":214,"column":2}}},"fnMap":{"0":{"name":"(anonymous_0)","decl":{"start":{"line":16,"column":67},"end":{"line":16,"column":68}},"loc":{"start":{"line":16,"column":83},"end":{"line":215,"column":1}},"line":16},"1":{"name":"(anonymous_1)","decl":{"start":{"line":49,"column":42},"end":{"line":49,"column":43}},"loc":{"start":{"line":49,"column":48},"end":{"line":56,"column":2}},"line":49},"2":{"name":"(anonymous_2)","decl":{"start":{"line":53,"column":41},"end":{"line":53,"column":42}},"loc":{"start":{"line":53,"column":47},"end":{"line":55,"column":3}},"line":53},"3":{"name":"(anonymous_3)","decl":{"start":{"line":58,"column":17},"end":{"line":58,"column":18}},"loc":{"start":{"line":58,"column":23},"end":{"line":61,"column":2}},"line":58},"4":{"name":"(anonymous_4)","decl":{"start":{"line":60,"column":9},"end":{"line":60,"column":10}},"loc":{"start":{"line":60,"column":15},"end":{"line":60,"column":54}},"line":60},"5":{"name":"(anonymous_5)","decl":{"start":{"line":64,"column":67},"end":{"line":64,"column":68}},"loc":{"start":{"line":64,"column":78},"end":{"line":67,"column":2}},"line":64},"6":{"name":"(anonymous_6)","decl":{"start":{"line":79,"column":27},"end":{"line":79,"column":28}},"loc":{"start":{"line":79,"column":33},"end":{"line":85,"column":2}},"line":79},"7":{"name":"(anonymous_7)","decl":{"start":{"line":91,"column":38},"end":{"line":91,"column":39}},"loc":{"start":{"line":91,"column":99},"end":{"line":99,"column":2}},"line":91},"8":{"name":"(anonymous_8)","decl":{"start":{"line":101,"column":43},"end":{"line":101,"column":44}},"loc":{"start":{"line":101,"column":66},"end":{"line":103,"column":2}},"line":101},"9":{"name":"(anonymous_9)","decl":{"start":{"line":105,"column":11},"end":{"line":105,"column":12}},"loc":{"start":{"line":105,"column":17},"end":{"line":115,"column":2}},"line":105},"10":{"name":"(anonymous_10)","decl":{"start":{"line":111,"column":9},"end":{"line":111,"column":10}},"loc":{"start":{"line":111,"column":15},"end":{"line":114,"column":3}},"line":111},"11":{"name":"(anonymous_11)","decl":{"start":{"line":123,"column":11},"end":{"line":123,"column":12}},"loc":{"start":{"line":123,"column":17},"end":{"line":175,"column":2}},"line":123},"12":{"name":"(anonymous_12)","decl":{"start":{"line":127,"column":23},"end":{"line":127,"column":24}},"loc":{"start":{"line":127,"column":59},"end":{"line":155,"column":4}},"line":127},"13":{"name":"(anonymous_13)","decl":{"start":{"line":150,"column":21},"end":{"line":150,"column":22}},"loc":{"start":{"line":150,"column":27},"end":{"line":152,"column":6}},"line":150},"14":{"name":"(anonymous_14)","decl":{"start":{"line":157,"column":21},"end":{"line":157,"column":22}},"loc":{"start":{"line":157,"column":27},"end":{"line":160,"column":4}},"line":157},"15":{"name":"(anonymous_15)","decl":{"start":{"line":167,"column":10},"end":{"line":167,"column":11}},"loc":{"start":{"line":167,"column":16},"end":{"line":173,"column":4}},"line":167},"16":{"name":"(anonymous_16)","decl":{"start":{"line":178,"column":26},"end":{"line":178,"column":27}},"loc":{"start":{"line":178,"column":33},"end":{"line":180,"column":2}},"line":178}},"branchMap":{"0":{"loc":{"start":{"line":71,"column":27},"end":{"line":71,"column":59}},"type":"binary-expr","locations":[{"start":{"line":71,"column":27},"end":{"line":71,"column":54}},{"start":{"line":71,"column":58},"end":{"line":71,"column":59}}],"line":71},"1":{"loc":{"start":{"line":73,"column":27},"end":{"line":73,"column":64}},"type":"binary-expr","locations":[{"start":{"line":73,"column":27},"end":{"line":73,"column":59}},{"start":{"line":73,"column":63},"end":{"line":73,"column":64}}],"line":73},"2":{"loc":{"start":{"line":80,"column":2},"end":{"line":82,"column":3}},"type":"if","locations":[{"start":{"line":80,"column":2},"end":{"line":82,"column":3}},{"start":{},"end":{}}],"line":80},"3":{"loc":{"start":{"line":80,"column":6},"end":{"line":80,"column":52}},"type":"binary-expr","locations":[{"start":{"line":80,"column":6},"end":{"line":80,"column":25}},{"start":{"line":80,"column":29},"end":{"line":80,"column":52}}],"line":80},"4":{"loc":{"start":{"line":124,"column":2},"end":{"line":174,"column":3}},"type":"if","locations":[{"start":{"line":124,"column":2},"end":{"line":174,"column":3}},{"start":{},"end":{}}],"line":124},"5":{"loc":{"start":{"line":135,"column":4},"end":{"line":153,"column":5}},"type":"if","locations":[{"start":{"line":135,"column":4},"end":{"line":153,"column":5}},{"start":{},"end":{}}],"line":135},"6":{"loc":{"start":{"line":144,"column":25},"end":{"line":144,"column":81}},"type":"cond-expr","locations":[{"start":{"line":144,"column":48},"end":{"line":144,"column":77}},{"start":{"line":144,"column":80},"end":{"line":144,"column":81}}],"line":144},"7":{"loc":{"start":{"line":183,"column":14},"end":{"line":183,"column":68}},"type":"cond-expr","locations":[{"start":{"line":183,"column":48},"end":{"line":183,"column":57}},{"start":{"line":183,"column":60},"end":{"line":183,"column":68}}],"line":183},"8":{"loc":{"start":{"line":183,"column":14},"end":{"line":183,"column":45}},"type":"binary-expr","locations":[{"start":{"line":183,"column":14},"end":{"line":183,"column":21}},{"start":{"line":183,"column":25},"end":{"line":183,"column":32}},{"start":{"line":183,"column":36},"end":{"line":183,"column":45}}],"line":183}},"s":{"0":1,"1":21,"2":21,"3":21,"4":21,"5":21,"6":21,"7":21,"8":21,"9":21,"10":10,"11":10,"12":10,"13":3,"14":21,"15":10,"16":10,"17":10,"18":21,"19":0,"20":0,"21":21,"22":21,"23":21,"24":21,"25":10,"26":8,"27":2,"28":2,"29":21,"30":21,"31":21,"32":0,"33":0,"34":0,"35":0,"36":0,"37":0,"38":21,"39":0,"40":21,"41":8,"42":8,"43":8,"44":8,"45":8,"46":8,"47":8,"48":21,"49":21,"50":21,"51":21,"52":21,"53":8,"54":0,"55":0,"56":0,"57":0,"58":0,"59":0,"60":0,"61":0,"62":0,"63":0,"64":0,"65":0,"66":0,"67":0,"68":0,"69":0,"70":0,"71":0,"72":0,"73":0,"74":0,"75":0,"76":0,"77":0,"78":0,"79":0,"80":0,"81":0,"82":21,"83":21,"84":21,"85":21,"86":21},"f":{"0":21,"1":10,"2":3,"3":10,"4":10,"5":0,"6":10,"7":0,"8":0,"9":8,"10":8,"11":8,"12":0,"13":0,"14":0,"15":0,"16":21},"b":{"0":[21,4],"1":[21,21],"2":[8,2],"3":[10,2],"4":[0,8],"5":[0,0],"6":[0,0],"7":[8,13],"8":[21,21,10]},"_coverageSchema":"1a1c01bbd47fc00a2c39e90264f33305004495a9","hash":"8d8ad394a57236b3b77b420353cf2d55d550d566"}
,"/Users/kam/worker/kk/better-scrollbar/src/hooks/useHeights.ts": {"path":"/Users/kam/worker/kk/better-scrollbar/src/hooks/useHeights.ts","statementMap":{"0":{"start":{"line":7,"column":21},"end":{"line":7,"column":67}},"1":{"start":{"line":8,"column":20},"end":{"line":8,"column":61}},"2":{"start":{"line":9,"column":39},"end":{"line":9,"column":50}},"3":{"start":{"line":10,"column":23},"end":{"line":10,"column":41}},"4":{"start":{"line":12,"column":19},"end":{"line":14,"column":7}},"5":{"start":{"line":13,"column":2},"end":{"line":13,"column":35}},"6":{"start":{"line":16,"column":23},"end":{"line":37,"column":2}},"7":{"start":{"line":17,"column":2},"end":{"line":17,"column":13}},"8":{"start":{"line":19,"column":20},"end":{"line":30,"column":3}},"9":{"start":{"line":20,"column":3},"end":{"line":28,"column":5}},"10":{"start":{"line":21,"column":4},"end":{"line":27,"column":5}},"11":{"start":{"line":22,"column":25},"end":{"line":22,"column":58}},"12":{"start":{"line":23,"column":28},"end":{"line":23,"column":45}},"13":{"start":{"line":24,"column":5},"end":{"line":26,"column":6}},"14":{"start":{"line":25,"column":6},"end":{"line":25,"column":59}},"15":{"start":{"line":29,"column":3},"end":{"line":29,"column":29}},"16":{"start":{"line":29,"column":23},"end":{"line":29,"column":28}},"17":{"start":{"line":32,"column":2},"end":{"line":36,"column":3}},"18":{"start":{"line":33,"column":3},"end":{"line":33,"column":14}},"19":{"start":{"line":35,"column":3},"end":{"line":35,"column":41}},"20":{"start":{"line":39,"column":24},"end":{"line":47,"column":2}},"21":{"start":{"line":40,"column":14},"end":{"line":40,"column":36}},"22":{"start":{"line":41,"column":2},"end":{"line":46,"column":3}},"23":{"start":{"line":42,"column":3},"end":{"line":42,"column":41}},"24":{"start":{"line":43,"column":3},"end":{"line":43,"column":18}},"25":{"start":{"line":45,"column":3},"end":{"line":45,"column":34}},"26":{"start":{"line":49,"column":1},"end":{"line":51,"column":7}},"27":{"start":{"line":50,"column":2},"end":{"line":50,"column":18}},"28":{"start":{"line":53,"column":1},"end":{"line":53,"column":81}}},"fnMap":{"0":{"name":"(anonymous_0)","decl":{"start":{"line":5,"column":15},"end":{"line":5,"column":16}},"loc":{"start":{"line":5,"column":21},"end":{"line":54,"column":1}},"line":5},"1":{"name":"(anonymous_1)","decl":{"start":{"line":12,"column":31},"end":{"line":12,"column":32}},"loc":{"start":{"line":12,"column":37},"end":{"line":14,"column":2}},"line":12},"2":{"name":"(anonymous_2)","decl":{"start":{"line":16,"column":23},"end":{"line":16,"column":24}},"loc":{"start":{"line":16,"column":41},"end":{"line":37,"column":2}},"line":16},"3":{"name":"(anonymous_3)","decl":{"start":{"line":19,"column":20},"end":{"line":19,"column":21}},"loc":{"start":{"line":19,"column":26},"end":{"line":30,"column":3}},"line":19},"4":{"name":"(anonymous_4)","decl":{"start":{"line":20,"column":31},"end":{"line":20,"column":32}},"loc":{"start":{"line":20,"column":49},"end":{"line":28,"column":4}},"line":20},"5":{"name":"(anonymous_5)","decl":{"start":{"line":29,"column":18},"end":{"line":29,"column":19}},"loc":{"start":{"line":29,"column":23},"end":{"line":29,"column":28}},"line":29},"6":{"name":"(anonymous_6)","decl":{"start":{"line":39,"column":24},"end":{"line":39,"column":25}},"loc":{"start":{"line":39,"column":77},"end":{"line":47,"column":2}},"line":39},"7":{"name":"(anonymous_7)","decl":{"start":{"line":49,"column":11},"end":{"line":49,"column":12}},"loc":{"start":{"line":49,"column":17},"end":{"line":51,"column":2}},"line":49}},"branchMap":{"0":{"loc":{"start":{"line":16,"column":24},"end":{"line":16,"column":36}},"type":"default-arg","locations":[{"start":{"line":16,"column":31},"end":{"line":16,"column":36}}],"line":16},"1":{"loc":{"start":{"line":21,"column":4},"end":{"line":27,"column":5}},"type":"if","locations":[{"start":{"line":21,"column":4},"end":{"line":27,"column":5}},{"start":{},"end":{}}],"line":21},"2":{"loc":{"start":{"line":21,"column":8},"end":{"line":21,"column":39}},"type":"binary-expr","locations":[{"start":{"line":21,"column":8},"end":{"line":21,"column":15}},{"start":{"line":21,"column":19},"end":{"line":21,"column":39}}],"line":21},"3":{"loc":{"start":{"line":23,"column":28},"end":{"line":23,"column":45}},"type":"binary-expr","locations":[{"start":{"line":23,"column":28},"end":{"line":23,"column":39}},{"start":{"line":23,"column":43},"end":{"line":23,"column":45}}],"line":23},"4":{"loc":{"start":{"line":24,"column":5},"end":{"line":26,"column":6}},"type":"if","locations":[{"start":{"line":24,"column":5},"end":{"line":26,"column":6}},{"start":{},"end":{}}],"line":24},"5":{"loc":{"start":{"line":24,"column":9},"end":{"line":24,"column":68}},"type":"binary-expr","locations":[{"start":{"line":24,"column":9},"end":{"line":24,"column":53}},{"start":{"line":24,"column":57},"end":{"line":24,"column":68}}],"line":24},"6":{"loc":{"start":{"line":32,"column":2},"end":{"line":36,"column":3}},"type":"if","locations":[{"start":{"line":32,"column":2},"end":{"line":36,"column":3}},{"start":{"line":34,"column":9},"end":{"line":36,"column":3}}],"line":32},"7":{"loc":{"start":{"line":41,"column":2},"end":{"line":46,"column":3}},"type":"if","locations":[{"start":{"line":41,"column":2},"end":{"line":46,"column":3}},{"start":{"line":44,"column":9},"end":{"line":46,"column":3}}],"line":41}},"s":{"0":17,"1":17,"2":17,"3":17,"4":17,"5":27,"6":17,"7":19,"8":19,"9":4,"10":8,"11":0,"12":0,"13":0,"14":0,"15":4,"16":4,"17":19,"18":0,"19":19,"20":17,"21":36,"22":36,"23":18,"24":18,"25":18,"26":17,"27":8,"28":17},"f":{"0":17,"1":27,"2":19,"3":4,"4":8,"5":4,"6":36,"7":8},"b":{"0":[19],"1":[0,8],"2":[8,8],"3":[0,0],"4":[0,0],"5":[0,0],"6":[0,19],"7":[18,18]},"_coverageSchema":"1a1c01bbd47fc00a2c39e90264f33305004495a9","hash":"87fbc03e25cb3565ed826b33fb6533579a497dfe"}
,"/Users/kam/worker/kk/better-scrollbar/src/hooks/useResizeObserver.ts": {"path":"/Users/kam/worker/kk/better-scrollbar/src/hooks/useResizeObserver.ts","statementMap":{"0":{"start":{"line":6,"column":23},"end":{"line":6,"column":41}},"1":{"start":{"line":8,"column":1},"end":{"line":22,"column":7}},"2":{"start":{"line":9,"column":17},"end":{"line":9,"column":28}},"3":{"start":{"line":10,"column":33},"end":{"line":15,"column":3}},"4":{"start":{"line":11,"column":35},"end":{"line":11,"column":74}},"5":{"start":{"line":12,"column":3},"end":{"line":14,"column":5}},"6":{"start":{"line":13,"column":4},"end":{"line":13,"column":31}},"7":{"start":{"line":16,"column":16},"end":{"line":16,"column":58}},"8":{"start":{"line":17,"column":2},"end":{"line":17,"column":26}},"9":{"start":{"line":18,"column":2},"end":{"line":21,"column":3}},"10":{"start":{"line":19,"column":3},"end":{"line":19,"column":24}},"11":{"start":{"line":20,"column":3},"end":{"line":20,"column":36}}},"fnMap":{"0":{"name":"(anonymous_0)","decl":{"start":{"line":5,"column":15},"end":{"line":5,"column":16}},"loc":{"start":{"line":5,"column":119},"end":{"line":23,"column":1}},"line":5},"1":{"name":"(anonymous_1)","decl":{"start":{"line":8,"column":17},"end":{"line":8,"column":18}},"loc":{"start":{"line":8,"column":23},"end":{"line":22,"column":2}},"line":8},"2":{"name":"(anonymous_2)","decl":{"start":{"line":10,"column":33},"end":{"line":10,"column":34}},"loc":{"start":{"line":10,"column":39},"end":{"line":15,"column":3}},"line":10},"3":{"name":"(anonymous_3)","decl":{"start":{"line":12,"column":31},"end":{"line":12,"column":32}},"loc":{"start":{"line":12,"column":37},"end":{"line":14,"column":4}},"line":12},"4":{"name":"(anonymous_4)","decl":{"start":{"line":18,"column":9},"end":{"line":18,"column":10}},"loc":{"start":{"line":18,"column":15},"end":{"line":21,"column":3}},"line":18}},"branchMap":{"0":{"loc":{"start":{"line":11,"column":10},"end":{"line":11,"column":19}},"type":"default-arg","locations":[{"start":{"line":11,"column":18},"end":{"line":11,"column":19}}],"line":11},"1":{"loc":{"start":{"line":11,"column":21},"end":{"line":11,"column":31}},"type":"default-arg","locations":[{"start":{"line":11,"column":30},"end":{"line":11,"column":31}}],"line":11},"2":{"loc":{"start":{"line":11,"column":35},"end":{"line":11,"column":74}},"type":"binary-expr","locations":[{"start":{"line":11,"column":35},"end":{"line":11,"column":68}},{"start":{"line":11,"column":72},"end":{"line":11,"column":74}}],"line":11}},"s":{"0":17,"1":17,"2":8,"3":8,"4":0,"5":0,"6":0,"7":8,"8":8,"9":8,"10":8,"11":8},"f":{"0":17,"1":8,"2":0,"3":0,"4":8},"b":{"0":[0],"1":[0],"2":[0,0]},"_coverageSchema":"1a1c01bbd47fc00a2c39e90264f33305004495a9","hash":"baf70fea52b1a5a87e37a4406178069aedc8383b"}
,"/Users/kam/worker/kk/better-scrollbar/src/styles/index.less": {"path":"/Users/kam/worker/kk/better-scrollbar/src/styles/index.less","statementMap":{},"fnMap":{},"branchMap":{},"s":{},"f":{},"b":{},"_coverageSchema":"1a1c01bbd47fc00a2c39e90264f33305004495a9","hash":"3eae209df77ac502569205cea0fa5ee581819f95"}
}
