TN:
SF:src/VirtualScrollBar.tsx
FN:24,(anonymous_0)
FN:45,(anonymous_1)
FN:67,(anonymous_2)
FN:68,(anonymous_3)
FN:74,(anonymous_4)
FN:120,(anonymous_5)
FN:121,(anonymous_6)
FN:130,(anonymous_7)
FN:141,(anonymous_8)
FN:142,(anonymous_9)
FN:155,(anonymous_10)
FN:162,(anonymous_11)
FN:165,(anonymous_12)
FN:166,(anonymous_13)
FN:172,(anonymous_14)
FN:182,(anonymous_15)
FN:183,(anonymous_16)
FN:196,(anonymous_17)
FN:200,(anonymous_18)
FN:207,(anonymous_19)
FN:213,(anonymous_20)
FN:214,(anonymous_21)
FN:216,(anonymous_22)
FN:223,(anonymous_23)
FN:228,(anonymous_24)
FN:235,(anonymous_25)
FN:237,(anonymous_26)
FN:240,(anonymous_27)
FN:243,(anonymous_28)
FN:267,(anonymous_29)
FNF:30
FNH:24
FNDA:17,(anonymous_0)
FNDA:8,(anonymous_1)
FNDA:0,(anonymous_2)
FNDA:0,(anonymous_3)
FNDA:11,(anonymous_4)
FNDA:8,(anonymous_5)
FNDA:8,(anonymous_6)
FNDA:1,(anonymous_7)
FNDA:2,(anonymous_8)
FNDA:2,(anonymous_9)
FNDA:16,(anonymous_10)
FNDA:2,(anonymous_11)
FNDA:2,(anonymous_12)
FNDA:2,(anonymous_13)
FNDA:8,(anonymous_14)
FNDA:8,(anonymous_15)
FNDA:2,(anonymous_16)
FNDA:1,(anonymous_17)
FNDA:1,(anonymous_18)
FNDA:8,(anonymous_19)
FNDA:17,(anonymous_20)
FNDA:32,(anonymous_21)
FNDA:36,(anonymous_22)
FNDA:0,(anonymous_23)
FNDA:0,(anonymous_24)
FNDA:9,(anonymous_25)
FNDA:1,(anonymous_26)
FNDA:3,(anonymous_27)
FNDA:0,(anonymous_28)
FNDA:0,(anonymous_29)
DA:24,1
DA:43,17
DA:45,17
DA:46,8
DA:50,17
DA:52,17
DA:54,17
DA:55,17
DA:57,17
DA:67,17
DA:68,0
DA:69,0
DA:70,0
DA:74,17
DA:75,11
DA:80,11
DA:81,163
DA:83,163
DA:84,163
DA:87,163
DA:88,9
DA:89,9
DA:93,163
DA:94,9
DA:97,163
DA:100,11
DA:101,2
DA:102,2
DA:104,2
DA:106,11
DA:107,0
DA:111,11
DA:112,11
DA:120,17
DA:121,8
DA:122,8
DA:126,17
DA:127,17
DA:128,17
DA:130,17
DA:131,1
DA:132,1
DA:133,1
DA:135,1
DA:136,1
DA:139,17
DA:141,17
DA:142,2
DA:143,2
DA:144,1
DA:146,1
DA:148,2
DA:149,2
DA:152,2
DA:155,17
DA:156,16
DA:162,17
DA:163,2
DA:165,2
DA:166,2
DA:167,2
DA:172,17
DA:173,8
DA:174,0
DA:176,8
DA:180,17
DA:182,17
DA:183,8
DA:184,2
DA:186,2
DA:188,2
DA:189,2
DA:192,2
DA:196,2
DA:197,1
DA:198,1
DA:200,1
DA:201,1
DA:205,8
DA:206,8
DA:207,8
DA:208,8
DA:209,8
DA:213,17
DA:214,17
DA:215,32
DA:216,36
DA:223,17
DA:224,0
DA:228,17
DA:229,0
DA:230,0
DA:231,0
DA:235,17
DA:236,9
DA:238,1
DA:241,3
DA:244,0
DA:254,17
DA:267,0
LF:100
LH:89
BRDA:33,0,0,17
BRDA:34,1,0,17
BRDA:35,2,0,17
BRDA:36,3,0,17
BRDA:37,4,0,17
BRDA:38,5,0,17
BRDA:39,6,0,17
BRDA:40,7,0,17
BRDA:46,8,0,0
BRDA:46,8,1,8
BRDA:84,9,0,163
BRDA:84,9,1,0
BRDA:87,10,0,9
BRDA:87,10,1,154
BRDA:87,11,0,163
BRDA:87,11,1,150
BRDA:93,12,0,9
BRDA:93,12,1,154
BRDA:93,13,0,163
BRDA:93,13,1,148
BRDA:100,14,0,2
BRDA:100,14,1,9
BRDA:106,15,0,0
BRDA:106,15,1,11
BRDA:132,16,0,1
BRDA:132,16,1,0
BRDA:143,17,0,1
BRDA:143,17,1,1
BRDA:173,18,0,0
BRDA:173,18,1,8
BRDA:192,19,0,0
BRDA:192,19,1,2
BRDA:230,20,0,0
BRDA:230,20,1,0
BRF:34
BRH:26
end_of_record
TN:
SF:src/defaultRenderElements.tsx
FN:5,(anonymous_0)
FN:9,renderTrackHorizontalDefault
FN:20,renderTrackVerticalDefault
FN:31,renderThumbHorizontalDefault
FN:41,(anonymous_4)
FNF:5
FNH:3
FNDA:17,(anonymous_0)
FNDA:0,renderTrackHorizontalDefault
FNDA:21,renderTrackVerticalDefault
FNDA:0,renderThumbHorizontalDefault
FNDA:21,(anonymous_4)
DA:5,1
DA:6,17
DA:10,0
DA:17,0
DA:21,21
DA:28,21
DA:32,0
DA:38,0
DA:41,1
DA:42,21
DA:48,21
LF:11
LH:7
BRDA:11,0,0,0
BRDA:11,0,1,0
BRDA:22,1,0,21
BRDA:22,1,1,0
BRDA:33,2,0,0
BRDA:33,2,1,0
BRDA:43,3,0,21
BRDA:43,3,1,0
BRF:8
BRH:2
end_of_record
TN:
SF:src/index.ts
FNF:0
FNH:0
LF:0
LH:0
BRF:0
BRH:0
end_of_record
TN:
SF:src/raf.ts
FN:1,(anonymous_0)
FN:2,(anonymous_1)
FN:5,(anonymous_2)
FN:7,(anonymous_3)
FN:14,cleanup
FN:18,(anonymous_5)
FN:22,callRef
FN:31,(anonymous_7)
FN:45,(anonymous_8)
FNF:9
FNH:7
FNDA:0,(anonymous_0)
FNDA:0,(anonymous_1)
FNDA:21,(anonymous_2)
FNDA:16,(anonymous_3)
FNDA:49,cleanup
FNDA:21,(anonymous_5)
FNDA:26,callRef
FNDA:5,(anonymous_7)
FNDA:44,(anonymous_8)
DA:1,1
DA:2,1
DA:4,1
DA:5,1
DA:6,21
DA:7,16
DA:10,1
DA:12,1
DA:15,49
DA:18,1
DA:19,21
DA:20,21
DA:23,26
DA:25,5
DA:28,5
DA:31,21
DA:32,5
DA:36,21
DA:40,21
DA:42,21
DA:45,1
DA:46,44
DA:47,44
DA:48,44
DA:49,16
LF:25
LH:25
BRDA:4,0,0,1
BRDA:4,0,1,0
BRDA:4,1,0,1
BRDA:4,1,1,1
BRDA:18,2,0,21
BRDA:23,3,0,5
BRDA:23,3,1,21
BRDA:48,4,0,16
BRDA:48,4,1,28
BRF:9
BRH:8
end_of_record
TN:
SF:src/scrollUtil.ts
FN:7,getSpinSize
FNF:1
FNH:1
FNDA:17,getSpinSize
DA:1,1
DA:8,17
DA:9,17
DA:10,2
DA:12,17
DA:13,17
DA:14,17
LF:7
LH:7
BRDA:7,0,0,0
BRDA:7,1,0,0
BRDA:9,2,0,2
BRDA:9,2,1,15
BRF:4
BRH:2
end_of_record
TN:
SF:src/utils.ts
FN:4,isDOM
FN:11,findDOMNode
FN:25,getPageXY
FNF:3
FNH:0
FNDA:0,isDOM
FNDA:0,findDOMNode
FNDA:0,getPageXY
DA:5,0
DA:14,0
DA:15,0
DA:18,0
DA:19,0
DA:22,0
DA:29,0
DA:30,0
LF:8
LH:0
BRDA:5,0,0,0
BRDA:5,0,1,0
BRDA:14,1,0,0
BRDA:14,1,1,0
BRDA:18,2,0,0
BRDA:18,2,1,0
BRDA:29,3,0,0
BRDA:29,3,1,0
BRDA:30,4,0,0
BRDA:30,4,1,0
BRF:10
BRH:0
end_of_record
TN:
SF:src/components/Item.tsx
FN:9,Item
FN:10,(anonymous_1)
FNF:2
FNH:2
FNDA:32,Item
FNDA:36,(anonymous_1)
DA:10,32
DA:11,36
DA:14,32
LF:3
LH:3
BRF:0
BRH:0
end_of_record
TN:
SF:src/components/VerticalScrollBar.tsx
FN:16,(anonymous_0)
FN:49,(anonymous_1)
FN:53,(anonymous_2)
FN:58,(anonymous_3)
FN:60,(anonymous_4)
FN:64,(anonymous_5)
FN:79,(anonymous_6)
FN:91,(anonymous_7)
FN:101,(anonymous_8)
FN:105,(anonymous_9)
FN:111,(anonymous_10)
FN:123,(anonymous_11)
FN:127,(anonymous_12)
FN:150,(anonymous_13)
FN:157,(anonymous_14)
FN:167,(anonymous_15)
FN:178,(anonymous_16)
FNF:17
FNH:10
FNDA:21,(anonymous_0)
FNDA:10,(anonymous_1)
FNDA:3,(anonymous_2)
FNDA:10,(anonymous_3)
FNDA:10,(anonymous_4)
FNDA:0,(anonymous_5)
FNDA:10,(anonymous_6)
FNDA:0,(anonymous_7)
FNDA:0,(anonymous_8)
FNDA:8,(anonymous_9)
FNDA:8,(anonymous_10)
FNDA:8,(anonymous_11)
FNDA:0,(anonymous_12)
FNDA:0,(anonymous_13)
FNDA:0,(anonymous_14)
FNDA:0,(anonymous_15)
FNDA:21,(anonymous_16)
DA:16,1
DA:30,21
DA:33,21
DA:36,21
DA:39,21
DA:42,21
DA:43,21
DA:46,21
DA:47,21
DA:49,21
DA:50,10
DA:51,10
DA:53,10
DA:54,3
DA:58,21
DA:59,10
DA:60,10
DA:64,21
DA:65,0
DA:66,0
DA:71,21
DA:73,21
DA:76,21
DA:79,21
DA:80,10
DA:81,8
DA:83,2
DA:84,2
DA:88,21
DA:89,21
DA:91,21
DA:92,0
DA:93,0
DA:94,0
DA:96,0
DA:97,0
DA:98,0
DA:101,21
DA:102,0
DA:105,21
DA:106,8
DA:107,8
DA:108,8
DA:109,8
DA:111,8
DA:112,8
DA:113,8
DA:118,21
DA:119,21
DA:120,21
DA:121,21
DA:123,21
DA:124,8
DA:127,0
DA:132,0
DA:133,0
DA:135,0
DA:136,0
DA:137,0
DA:139,0
DA:141,0
DA:142,0
DA:144,0
DA:146,0
DA:147,0
DA:148,0
DA:150,0
DA:151,0
DA:157,0
DA:158,0
DA:159,0
DA:162,0
DA:163,0
DA:164,0
DA:165,0
DA:167,0
DA:168,0
DA:169,0
DA:170,0
DA:171,0
DA:172,0
DA:178,21
DA:182,21
DA:187,21
DA:192,21
LF:85
LH:48
BRDA:71,0,0,21
BRDA:71,0,1,4
BRDA:73,1,0,21
BRDA:73,1,1,21
BRDA:80,2,0,8
BRDA:80,2,1,2
BRDA:80,3,0,10
BRDA:80,3,1,2
BRDA:124,4,0,0
BRDA:124,4,1,8
BRDA:135,5,0,0
BRDA:135,5,1,0
BRDA:144,6,0,0
BRDA:144,6,1,0
BRDA:183,7,0,8
BRDA:183,7,1,13
BRDA:183,8,0,21
BRDA:183,8,1,21
BRDA:183,8,2,10
BRF:19
BRH:14
end_of_record
TN:
SF:src/hooks/useHeights.ts
FN:5,(anonymous_0)
FN:12,(anonymous_1)
FN:16,(anonymous_2)
FN:19,(anonymous_3)
FN:20,(anonymous_4)
FN:29,(anonymous_5)
FN:39,(anonymous_6)
FN:49,(anonymous_7)
FNF:8
FNH:8
FNDA:17,(anonymous_0)
FNDA:27,(anonymous_1)
FNDA:19,(anonymous_2)
FNDA:4,(anonymous_3)
FNDA:8,(anonymous_4)
FNDA:4,(anonymous_5)
FNDA:36,(anonymous_6)
FNDA:8,(anonymous_7)
DA:7,17
DA:8,17
DA:9,17
DA:10,17
DA:12,17
DA:13,27
DA:16,17
DA:17,19
DA:19,19
DA:20,4
DA:21,8
DA:22,0
DA:23,0
DA:24,0
DA:25,0
DA:29,4
DA:32,19
DA:33,0
DA:35,19
DA:39,17
DA:40,36
DA:41,36
DA:42,18
DA:43,18
DA:45,18
DA:49,17
DA:50,8
DA:53,17
LF:28
LH:23
BRDA:16,0,0,19
BRDA:21,1,0,0
BRDA:21,1,1,8
BRDA:21,2,0,8
BRDA:21,2,1,8
BRDA:23,3,0,0
BRDA:23,3,1,0
BRDA:24,4,0,0
BRDA:24,4,1,0
BRDA:24,5,0,0
BRDA:24,5,1,0
BRDA:32,6,0,0
BRDA:32,6,1,19
BRDA:41,7,0,18
BRDA:41,7,1,18
BRF:15
BRH:7
end_of_record
TN:
SF:src/hooks/useResizeObserver.ts
FN:5,(anonymous_0)
FN:8,(anonymous_1)
FN:10,(anonymous_2)
FN:12,(anonymous_3)
FN:18,(anonymous_4)
FNF:5
FNH:3
FNDA:17,(anonymous_0)
FNDA:8,(anonymous_1)
FNDA:0,(anonymous_2)
FNDA:0,(anonymous_3)
FNDA:8,(anonymous_4)
DA:6,17
DA:8,17
DA:9,8
DA:10,8
DA:11,0
DA:12,0
DA:13,0
DA:16,8
DA:17,8
DA:18,8
DA:19,8
DA:20,8
LF:12
LH:9
BRDA:11,0,0,0
BRDA:11,1,0,0
BRDA:11,2,0,0
BRDA:11,2,1,0
BRF:4
BRH:0
end_of_record
TN:
SF:src/styles/index.less
FNF:0
FNH:0
LF:0
LH:0
BRF:0
BRH:0
end_of_record
